// 重构日志: fb65f786
// 重构日志: c079ae1e
// 同步 ID: d94a0c87 @ Sat May 30 08:03:15 UTC 2026
// 同步 ID: 26e6fb29 @ Sat May 30 12:45:03 UTC 2026
// 重构日志: 0449a844
// 重构日志: 4b53f3bb
// 重构日志: 054158ca
// 同步 ID: 92a4dd08 @ Sat Jun  6 09:40:43 UTC 2026
// 重构日志: 18babba8
// 同步 ID: 0715bc24 @ Sat Jun 13 05:02:39 UTC 2026
// 重构日志: c7ba1867
// 重构日志: d5eba439
// 重构日志: 42b7113f
// 重构日志: 5e08f31d
// 重构日志: 0df4b54c
// 同步 ID: dd429939 @ Mon Jun 15 06:59:03 UTC 2026
// 重构日志: 7426f403
// 重构日志: 6ec041f7
// 重构日志: 370daff1
// 同步 ID: 9475eaf2 @ Sun Jun 21 13:22:09 UTC 2026
// 重构日志: 7dd08a9b
// 同步 ID: 08c40862 @ Tue Jun 23 22:36:22 UTC 2026
// 重构日志: dc41f258
// 重构日志: 1f902c66
// 重构日志: f80e5328
// 重构日志: a6dfc6c0
// 重构日志: fc46b790
// 同步 ID: 5c83f62d @ Fri Jun 26 10:05:14 UTC 2026
// 重构日志: a445e735
// 同步 ID: 9e1e128d @ Sat Jun 27 08:47:50 UTC 2026
// 重构日志: e6eaad98
// 重构日志: bfbaa789
